Size(260, 280);
Form
{
    Group("Пробег", 5, 5, 110, 50)
    {
        Digit(digit_0, " ", 5, 18, 70);
        Label(label_1, "KM", 80, 20);
    }
    Group("Информация", 5, 65, 250, 45)
    {
        Label(label_2, " ", 0, 18);
    }
    Group("Описание", 5, 115, 250, 90)
    {
        Label(label_3, " Введите нужное значение в окне ПРОБЕГ ", 0, 55);
        Label(label_4, "и нажмите кнопку <Применить>.", 0, 70);
        Label(label_5, "Калькулятор пробега Acura CL.", 0, 20);
        Label(label_6, "EEPROM: 93C56", 0, 35);
    }
    Picture(pict_7, "Acura.bmp", 160, 10, 0, 0);
}

OnShow:
pc []   0000F7 [00F7] 23FF61000000    var255 = @0x0061
 c []   0000FD [00FD] 00FEFF          var254 = var255
 c []   000100 [0100] 17FE08          var254 = var254 << 8
 c []   000103 [0103] 23FD60000000    var253 = @0x0060
 c []   000109 [0109] 00FCFE          var252 = var254
 c []   00010C [010C] 10FCFD          var252 = var252 | var253
 c []   00010F [010F] 0000FC          var0 = var252
 c []   000112 [0112] 008000          var128 = var0
 c []   000115 [0115] 297F00          var127 = 0
 c []   000118 [0118] 19807F9601      if var128 != var127 goto label_000196
 c []   00011D [011D] 290400          var4 = 0
 c []   000120 [0120] 290560          var5 = 96
label_000123:
 c []   000123 [0123] 008005          var128 = var5
 c []   000126 [0126] 297F80          var127 = 128
 c []   000129 [0129] 18807F8A01      if var128 == var127 goto label_00018a
 c []   00012E [012E] 00FF05          var255 = var5
 c []   000131 [0131] 2BFF01          var255 = var255 + 1
 c []   000134 [0134] 22FEFF          var254 = @var255
 c []   000137 [0137] 00FDFE          var253 = var254
 c []   00013A [013A] 17FD08          var253 = var253 << 8
 c []   00013D [013D] 22FC05          var252 = @var5
 c []   000140 [0140] 00FBFD          var251 = var253
 c []   000143 [0143] 10FBFC          var251 = var251 | var252
 c []   000146 [0146] 0002FB          var2 = var251
 c []   000149 [0149] 008002          var128 = var2
 c []   00014C [014C] 297F00          var127 = 0
 c []   00014F [014F] 19807F5701      if var128 != var127 goto label_000157
 c []   000154 [0154] 2B0401          var4 = var4 + 1
label_000157:
 c []   000157 [0157] 2B0502          var5 = var5 + 2
 c []   00015A [015A] 00FF05          var255 = var5
 c []   00015D [015D] 2BFF01          var255 = var255 + 1
 c []   000160 [0160] 22FEFF          var254 = @var255
 c []   000163 [0163] 00FDFE          var253 = var254
 c []   000166 [0166] 17FD08          var253 = var253 << 8
 c []   000169 [0169] 22FC05          var252 = @var5
 c []   00016C [016C] 00FBFD          var251 = var253
 c []   00016F [016F] 10FBFC          var251 = var251 | var252
 c []   000172 [0172] 0002FB          var2 = var251
 c []   000175 [0175] 008002          var128 = var2
 c []   000178 [0178] 2A7FFFFF        var127 = 65535
 c []   00017C [017C] 19807F8401      if var128 != var127 goto label_000184
 c []   000181 [0181] 2B0401          var4 = var4 + 1
label_000184:
 c []   000184 [0184] 2B0502          var5 = var5 + 2
 c []   000187 [0187] 1E2301          jmp label_000123
label_00018a:
 c []   00018A [018A] 00FF04          var255 = var4
 c []   00018D [018D] 2DFF01          var255 = var255 - 1
 c []   000190 [0190] 0300FF          digit_0 = var255
 c []   000193 [0193] 1E2C04          jmp label_00042c
label_000196:
 c []   000196 [0196] 23FF7F000000    var255 = @0x007f
 c []   00019C [019C] 00FEFF          var254 = var255
 c []   00019F [019F] 17FE08          var254 = var254 << 8
 c []   0001A2 [01A2] 23FD7E000000    var253 = @0x007e
 c []   0001A8 [01A8] 00FCFE          var252 = var254
 c []   0001AB [01AB] 10FCFD          var252 = var252 | var253
 c []   0001AE [01AE] 00FBFC          var251 = var252
 c []   0001B1 [01B1] 4AFBFFFF        var251 = var251 ^ 0xffff
 c []   0001B5 [01B5] 0006FB          var6 = var251
 c []   0001B8 [01B8] 00FF06          var255 = var6
 c []   0001BB [01BB] 45FF0F          var255 = var255 & 0x0f
 c []   0001BE [01BE] 0001FF          var1 = var255
 c []   0001C1 [01C1] 008001          var128 = var1
 c []   0001C4 [01C4] 297F00          var127 = 0
 c []   0001C7 [01C7] 19807FCF01      if var128 != var127 goto label_0001cf
 c []   0001CC [01CC] 290200          var2 = 0
label_0001cf:
 c []   0001CF [01CF] 008001          var128 = var1
 c []   0001D2 [01D2] 297F07          var127 = 7
 c []   0001D5 [01D5] 19807FDD01      if var128 != var127 goto label_0001dd
 c []   0001DA [01DA] 290201          var2 = 1
label_0001dd:
 c []   0001DD [01DD] 008001          var128 = var1
 c []   0001E0 [01E0] 297F0C          var127 = 12
 c []   0001E3 [01E3] 19807FEB01      if var128 != var127 goto label_0001eb
 c []   0001E8 [01E8] 290202          var2 = 2
label_0001eb:
 c []   0001EB [01EB] 008001          var128 = var1
 c []   0001EE [01EE] 297F0B          var127 = 11
 c []   0001F1 [01F1] 19807FF901      if var128 != var127 goto label_0001f9
 c []   0001F6 [01F6] 290203          var2 = 3
label_0001f9:
 c []   0001F9 [01F9] 008001          var128 = var1
 c []   0001FC [01FC] 297F06          var127 = 6
 c []   0001FF [01FF] 19807F0702      if var128 != var127 goto label_000207
 c []   000204 [0204] 290204          var2 = 4
label_000207:
 c []   000207 [0207] 008001          var128 = var1
 c []   00020A [020A] 297F01          var127 = 1
 c []   00020D [020D] 19807F1502      if var128 != var127 goto label_000215
 c []   000212 [0212] 290205          var2 = 5
label_000215:
 c []   000215 [0215] 008001          var128 = var1
 c []   000218 [0218] 297F0A          var127 = 10
 c []   00021B [021B] 19807F2302      if var128 != var127 goto label_000223
 c []   000220 [0220] 290206          var2 = 6
label_000223:
 c []   000223 [0223] 008001          var128 = var1
 c []   000226 [0226] 297F0D          var127 = 13
 c []   000229 [0229] 19807F3102      if var128 != var127 goto label_000231
 c []   00022E [022E] 290207          var2 = 7
label_000231:
 c []   000231 [0231] 008001          var128 = var1
 c []   000234 [0234] 297F03          var127 = 3
 c []   000237 [0237] 19807F3F02      if var128 != var127 goto label_00023f
 c []   00023C [023C] 290208          var2 = 8
label_00023f:
 c []   00023F [023F] 008001          var128 = var1
 c []   000242 [0242] 297F04          var127 = 4
 c []   000245 [0245] 19807F4D02      if var128 != var127 goto label_00024d
 c []   00024A [024A] 290209          var2 = 9
label_00024d:
 c []   00024D [024D] 008001          var128 = var1
 c []   000250 [0250] 297F0F          var127 = 15
 c []   000253 [0253] 19807F5B02      if var128 != var127 goto label_00025b
 c []   000258 [0258] 29020A          var2 = 10
label_00025b:
 c []   00025B [025B] 008001          var128 = var1
 c []   00025E [025E] 297F08          var127 = 8
 c []   000261 [0261] 19807F6902      if var128 != var127 goto label_000269
 c []   000266 [0266] 29020B          var2 = 11
label_000269:
 c []   000269 [0269] 008001          var128 = var1
 c []   00026C [026C] 297F05          var127 = 5
 c []   00026F [026F] 19807F7702      if var128 != var127 goto label_000277
 c []   000274 [0274] 29020C          var2 = 12
label_000277:
 c []   000277 [0277] 008001          var128 = var1
 c []   00027A [027A] 297F02          var127 = 2
 c []   00027D [027D] 19807F8502      if var128 != var127 goto label_000285
 c []   000282 [0282] 29020D          var2 = 13
label_000285:
 c []   000285 [0285] 008001          var128 = var1
 c []   000288 [0288] 297F09          var127 = 9
 c []   00028B [028B] 19807F9302      if var128 != var127 goto label_000293
 c []   000290 [0290] 29020E          var2 = 14
label_000293:
 c []   000293 [0293] 008001          var128 = var1
 c []   000296 [0296] 297F0E          var127 = 14
 c []   000299 [0299] 19807FA102      if var128 != var127 goto label_0002a1
 c []   00029E [029E] 29020F          var2 = 15
label_0002a1:
 c []   0002A1 [02A1] 00FF06          var255 = var6
 c []   0002A4 [02A4] 46FFF0FF        var255 = var255 & 0xfff0
 c []   0002A8 [02A8] 00FEFF          var254 = var255
 c []   0002AB [02AB] 04FE02          var254 = var254 + var2
 c []   0002AE [02AE] 0007FE          var7 = var254
 c []   0002B1 [02B1] 29030F          var3 = 15
 c []   0002B4 [02B4] 290560          var5 = 96
label_0002b7:
 c []   0002B7 [02B7] 008005          var128 = var5
 c []   0002BA [02BA] 297F80          var127 = 128
 c []   0002BD [02BD] 18807F1D04      if var128 == var127 goto label_00041d
 c []   0002C2 [02C2] 00FF05          var255 = var5
 c []   0002C5 [02C5] 2BFF01          var255 = var255 + 1
 c []   0002C8 [02C8] 22FEFF          var254 = @var255
 c []   0002CB [02CB] 00FDFE          var253 = var254
 c []   0002CE [02CE] 17FD08          var253 = var253 << 8
 c []   0002D1 [02D1] 22FC05          var252 = @var5
 c []   0002D4 [02D4] 00FBFD          var251 = var253
 c []   0002D7 [02D7] 10FBFC          var251 = var251 | var252
 c []   0002DA [02DA] 0001FB          var1 = var251
 c []   0002DD [02DD] 00FF05          var255 = var5
 c []   0002E0 [02E0] 2FFF02          var255 = var255 / 2
 c []   0002E3 [02E3] 00FEFF          var254 = var255
 c []   0002E6 [02E6] 45FE01          var254 = var254 & 0x01
 c []   0002E9 [02E9] 0009FE          var9 = var254
 c []   0002EC [02EC] 008009          var128 = var9
 c []   0002EF [02EF] 297F00          var127 = 0
 c []   0002F2 [02F2] 19807F0603      if var128 != var127 goto label_000306
 c []   0002F7 [02F7] 000601          var6 = var1
 c []   0002FA [02FA] 00FF06          var255 = var6
 c []   0002FD [02FD] 45FF0F          var255 = var255 & 0x0f
 c []   000300 [0300] 0001FF          var1 = var255
 c []   000303 [0303] 1E1903          jmp label_000319
label_000306:
 c []   000306 [0306] 00FF01          var255 = var1
 c []   000309 [0309] 4AFFFFFF        var255 = var255 ^ 0xffff
 c []   00030D [030D] 0006FF          var6 = var255
 c []   000310 [0310] 00FF06          var255 = var6
 c []   000313 [0313] 45FF0F          var255 = var255 & 0x0f
 c []   000316 [0316] 0001FF          var1 = var255
label_000319:
 c []   000319 [0319] 008001          var128 = var1
 c []   00031C [031C] 297F00          var127 = 0
 c []   00031F [031F] 19807F2703      if var128 != var127 goto label_000327
 c []   000324 [0324] 290200          var2 = 0
label_000327:
 c []   000327 [0327] 008001          var128 = var1
 c []   00032A [032A] 297F07          var127 = 7
 c []   00032D [032D] 19807F3503      if var128 != var127 goto label_000335
 c []   000332 [0332] 290201          var2 = 1
label_000335:
 c []   000335 [0335] 008001          var128 = var1
 c []   000338 [0338] 297F0C          var127 = 12
 c []   00033B [033B] 19807F4303      if var128 != var127 goto label_000343
 c []   000340 [0340] 290202          var2 = 2
label_000343:
 c []   000343 [0343] 008001          var128 = var1
 c []   000346 [0346] 297F0B          var127 = 11
 c []   000349 [0349] 19807F5103      if var128 != var127 goto label_000351
 c []   00034E [034E] 290203          var2 = 3
label_000351:
 c []   000351 [0351] 008001          var128 = var1
 c []   000354 [0354] 297F06          var127 = 6
 c []   000357 [0357] 19807F5F03      if var128 != var127 goto label_00035f
 c []   00035C [035C] 290204          var2 = 4
label_00035f:
 c []   00035F [035F] 008001          var128 = var1
 c []   000362 [0362] 297F01          var127 = 1
 c []   000365 [0365] 19807F6D03      if var128 != var127 goto label_00036d
 c []   00036A [036A] 290205          var2 = 5
label_00036d:
 c []   00036D [036D] 008001          var128 = var1
 c []   000370 [0370] 297F0A          var127 = 10
 c []   000373 [0373] 19807F7B03      if var128 != var127 goto label_00037b
 c []   000378 [0378] 290206          var2 = 6
label_00037b:
 c []   00037B [037B] 008001          var128 = var1
 c []   00037E [037E] 297F0D          var127 = 13
 c []   000381 [0381] 19807F8903      if var128 != var127 goto label_000389
 c []   000386 [0386] 290207          var2 = 7
label_000389:
 c []   000389 [0389] 008001          var128 = var1
 c []   00038C [038C] 297F03          var127 = 3
 c []   00038F [038F] 19807F9703      if var128 != var127 goto label_000397
 c []   000394 [0394] 290208          var2 = 8
label_000397:
 c []   000397 [0397] 008001          var128 = var1
 c []   00039A [039A] 297F04          var127 = 4
 c []   00039D [039D] 19807FA503      if var128 != var127 goto label_0003a5
 c []   0003A2 [03A2] 290209          var2 = 9
label_0003a5:
 c []   0003A5 [03A5] 008001          var128 = var1
 c []   0003A8 [03A8] 297F0F          var127 = 15
 c []   0003AB [03AB] 19807FB303      if var128 != var127 goto label_0003b3
 c []   0003B0 [03B0] 29020A          var2 = 10
label_0003b3:
 c []   0003B3 [03B3] 008001          var128 = var1
 c []   0003B6 [03B6] 297F08          var127 = 8
 c []   0003B9 [03B9] 19807FC103      if var128 != var127 goto label_0003c1
 c []   0003BE [03BE] 29020B          var2 = 11
label_0003c1:
 c []   0003C1 [03C1] 008001          var128 = var1
 c []   0003C4 [03C4] 297F05          var127 = 5
 c []   0003C7 [03C7] 19807FCF03      if var128 != var127 goto label_0003cf
 c []   0003CC [03CC] 29020C          var2 = 12
label_0003cf:
 c []   0003CF [03CF] 008001          var128 = var1
 c []   0003D2 [03D2] 297F02          var127 = 2
 c []   0003D5 [03D5] 19807FDD03      if var128 != var127 goto label_0003dd
 c []   0003DA [03DA] 29020D          var2 = 13
label_0003dd:
 c []   0003DD [03DD] 008001          var128 = var1
 c []   0003E0 [03E0] 297F09          var127 = 9
 c []   0003E3 [03E3] 19807FEB03      if var128 != var127 goto label_0003eb
 c []   0003E8 [03E8] 29020E          var2 = 14
label_0003eb:
 c []   0003EB [03EB] 008001          var128 = var1
 c []   0003EE [03EE] 297F0E          var127 = 14
 c []   0003F1 [03F1] 19807FF903      if var128 != var127 goto label_0003f9
 c []   0003F6 [03F6] 29020F          var2 = 15
label_0003f9:
 c []   0003F9 [03F9] 00FF06          var255 = var6
 c []   0003FC [03FC] 46FFF0FF        var255 = var255 & 0xfff0
 c []   000400 [0400] 00FEFF          var254 = var255
 c []   000403 [0403] 04FE02          var254 = var254 + var2
 c []   000406 [0406] 0008FE          var8 = var254
 c []   000409 [0409] 008008          var128 = var8
 c []   00040C [040C] 007F07          var127 = var7
 c []   00040F [040F] 1D807F1704      if var128 <= var127 goto label_000417
 c []   000414 [0414] 2B0301          var3 = var3 + 1
label_000417:
 c []   000417 [0417] 2B0502          var5 = var5 + 2
 c []   00041A [041A] 1EB702          jmp label_0002b7
label_00041d:
 c []   00041D [041D] 00FF07          var255 = var7
 c []   000420 [0420] 31FF10          var255 = var255 * 16
 c []   000423 [0423] 00FEFF          var254 = var255
 c []   000426 [0426] 04FE03          var254 = var254 + var3
 c []   000429 [0429] 0300FE          digit_0 = var254
label_00042c:
 c []   00042C [042C] 250201000002    label_2.Bold = 1
 c []   000432 [0432] 25020000FF01    label_2.Color = 0x00ff0000
 c []   000438 [0438] 3520            str32 = ""
 c []   00043A [043A] 36201A08        str32 = str32 + " Дамп ОК. Введите пробег. "
 c []   00043E [043E] 420220          label_2 = str32
 c []   000441 [0441] 1F              return


OnApply:
pc []   000442 [0442] 02FF00          var255 = digit_0
 c []   000445 [0445] 0004FF          var4 = var255
 c []   000448 [0448] 008004          var128 = var4
 c []   00044B [044B] 017F3F420F00    var127 = 999999
 c []   000451 [0451] 1D807F6804      if var128 <= var127 goto label_000468
 c []   000456 [0456] 2502FF000001    label_2.Color = 0x000000ff
 c []   00045C [045C] 3520            str32 = ""
 c []   00045E [045E] 36203508        str32 = str32 + "Пробег должен быть не более 999999 км."
 c []   000462 [0462] 420220          label_2 = str32
 c []   000465 [0465] 1E1908          jmp label_000819
label_000468:
 c []   000468 [0468] 008004          var128 = var4
 c []   00046B [046B] 297F0F          var127 = 15
 c []   00046E [046E] 1A807F2005      if var128 > var127 goto label_000520
 c []   000473 [0473] 286000000000    @0x0060 = 0x00
 c []   000479 [0479] 286100000000    @0x0061 = 0x00
 c []   00047F [047F] 00FF04          var255 = var4
 c []   000482 [0482] 31FF02          var255 = var255 * 2
 c []   000485 [0485] 0007FF          var7 = var255
 c []   000488 [0488] 290500          var5 = 0
label_00048b:
 c []   00048B [048B] 008005          var128 = var5
 c []   00048E [048E] 007F07          var127 = var7
 c []   000491 [0491] 18807FD404      if var128 == var127 goto label_0004d4
 c []   000496 [0496] 00FF05          var255 = var5
 c []   000499 [0499] 2FFF02          var255 = var255 / 2
 c []   00049C [049C] 00FEFF          var254 = var255
 c []   00049F [049F] 45FE01          var254 = var254 & 0x01
 c []   0004A2 [04A2] 0009FE          var9 = var254
 c []   0004A5 [04A5] 29FF62          var255 = 98
 c []   0004A8 [04A8] 04FF05          var255 = var255 + var5
 c []   0004AB [04AB] 0006FF          var6 = var255
 c []   0004AE [04AE] 008009          var128 = var9
 c []   0004B1 [04B1] 297F01          var127 = 1
 c []   0004B4 [04B4] 19807FC504      if var128 != var127 goto label_0004c5
 c []   0004B9 [04B9] 210600          @var6 = 0x00
 c []   0004BC [04BC] 2B0601          var6 = var6 + 1
 c []   0004BF [04BF] 210600          @var6 = 0x00
 c []   0004C2 [04C2] 1ECE04          jmp label_0004ce
label_0004c5:
 c []   0004C5 [04C5] 2106FF          @var6 = 0xff
 c []   0004C8 [04C8] 2B0601          var6 = var6 + 1
 c []   0004CB [04CB] 2106FF          @var6 = 0xff
label_0004ce:
 c []   0004CE [04CE] 2B0502          var5 = var5 + 2
 c []   0004D1 [04D1] 1E8B04          jmp label_00048b
label_0004d4:
 c []   0004D4 [04D4] 008005          var128 = var5
 c []   0004D7 [04D7] 297F1E          var127 = 30
 c []   0004DA [04DA] 18807F1D05      if var128 == var127 goto label_00051d
 c []   0004DF [04DF] 00FF05          var255 = var5
 c []   0004E2 [04E2] 2FFF02          var255 = var255 / 2
 c []   0004E5 [04E5] 00FEFF          var254 = var255
 c []   0004E8 [04E8] 45FE01          var254 = var254 & 0x01
 c []   0004EB [04EB] 0009FE          var9 = var254
 c []   0004EE [04EE] 29FF62          var255 = 98
 c []   0004F1 [04F1] 04FF05          var255 = var255 + var5
 c []   0004F4 [04F4] 0006FF          var6 = var255
 c []   0004F7 [04F7] 008009          var128 = var9
 c []   0004FA [04FA] 297F01          var127 = 1
 c []   0004FD [04FD] 19807F0E05      if var128 != var127 goto label_00050e
 c []   000502 [0502] 2106FE          @var6 = 0xfe
 c []   000505 [0505] 2B0601          var6 = var6 + 1
 c []   000508 [0508] 2106FF          @var6 = 0xff
 c []   00050B [050B] 1E1705          jmp label_000517
label_00050e:
 c []   00050E [050E] 210601          @var6 = 0x01
 c []   000511 [0511] 2B0601          var6 = var6 + 1
 c []   000514 [0514] 210600          @var6 = 0x00
label_000517:
 c []   000517 [0517] 2B0502          var5 = var5 + 2
 c []   00051A [051A] 1ED404          jmp label_0004d4
label_00051d:
 c []   00051D [051D] 1E0408          jmp label_000804
label_000520:
 c []   000520 [0520] 02FF00          var255 = digit_0
 c []   000523 [0523] 2DFF0F          var255 = var255 - 15
 c []   000526 [0526] 00FEFF          var254 = var255
 c []   000529 [0529] 33FE10          var254 = var254 % 16
 c []   00052C [052C] 00FDFE          var253 = var254
 c []   00052F [052F] 31FD02          var253 = var253 * 2
 c []   000532 [0532] 000BFD          var11 = var253
 c []   000535 [0535] 02FF00          var255 = digit_0
 c []   000538 [0538] 2DFF0F          var255 = var255 - 15
 c []   00053B [053B] 00FEFF          var254 = var255
 c []   00053E [053E] 2FFE10          var254 = var254 / 16
 c []   000541 [0541] 000AFE          var10 = var254
 c []   000544 [0544] 00FF0A          var255 = var10
 c []   000547 [0547] 2BFF01          var255 = var255 + 1
 c []   00054A [054A] 000FFF          var15 = var255
 c []   00054D [054D] 00FF0A          var255 = var10
 c []   000550 [0550] 45FF0F          var255 = var255 & 0x0f
 c []   000553 [0553] 0001FF          var1 = var255
 c []   000556 [0556] 008001          var128 = var1
 c []   000559 [0559] 297F00          var127 = 0
 c []   00055C [055C] 19807F6405      if var128 != var127 goto label_000564
 c []   000561 [0561] 290200          var2 = 0
label_000564:
 c []   000564 [0564] 008001          var128 = var1
 c []   000567 [0567] 297F01          var127 = 1
 c []   00056A [056A] 19807F7205      if var128 != var127 goto label_000572
 c []   00056F [056F] 290207          var2 = 7
label_000572:
 c []   000572 [0572] 008001          var128 = var1
 c []   000575 [0575] 297F02          var127 = 2
 c []   000578 [0578] 19807F8005      if var128 != var127 goto label_000580
 c []   00057D [057D] 29020C          var2 = 12
label_000580:
 c []   000580 [0580] 008001          var128 = var1
 c []   000583 [0583] 297F03          var127 = 3
 c []   000586 [0586] 19807F8E05      if var128 != var127 goto label_00058e
 c []   00058B [058B] 29020B          var2 = 11
label_00058e:
 c []   00058E [058E] 008001          var128 = var1
 c []   000591 [0591] 297F04          var127 = 4
 c []   000594 [0594] 19807F9C05      if var128 != var127 goto label_00059c
 c []   000599 [0599] 290206          var2 = 6
label_00059c:
 c []   00059C [059C] 008001          var128 = var1
 c []   00059F [059F] 297F05          var127 = 5
 c []   0005A2 [05A2] 19807FAA05      if var128 != var127 goto label_0005aa
 c []   0005A7 [05A7] 290201          var2 = 1
label_0005aa:
 c []   0005AA [05AA] 008001          var128 = var1
 c []   0005AD [05AD] 297F06          var127 = 6
 c []   0005B0 [05B0] 19807FB805      if var128 != var127 goto label_0005b8
 c []   0005B5 [05B5] 29020A          var2 = 10
label_0005b8:
 c []   0005B8 [05B8] 008001          var128 = var1
 c []   0005BB [05BB] 297F07          var127 = 7
 c []   0005BE [05BE] 19807FC605      if var128 != var127 goto label_0005c6
 c []   0005C3 [05C3] 29020D          var2 = 13
label_0005c6:
 c []   0005C6 [05C6] 008001          var128 = var1
 c []   0005C9 [05C9] 297F08          var127 = 8
 c []   0005CC [05CC] 19807FD405      if var128 != var127 goto label_0005d4
 c []   0005D1 [05D1] 290203          var2 = 3
label_0005d4:
 c []   0005D4 [05D4] 008001          var128 = var1
 c []   0005D7 [05D7] 297F09          var127 = 9
 c []   0005DA [05DA] 19807FE205      if var128 != var127 goto label_0005e2
 c []   0005DF [05DF] 290204          var2 = 4
label_0005e2:
 c []   0005E2 [05E2] 008001          var128 = var1
 c []   0005E5 [05E5] 297F0A          var127 = 10
 c []   0005E8 [05E8] 19807FF005      if var128 != var127 goto label_0005f0
 c []   0005ED [05ED] 29020F          var2 = 15
label_0005f0:
 c []   0005F0 [05F0] 008001          var128 = var1
 c []   0005F3 [05F3] 297F0B          var127 = 11
 c []   0005F6 [05F6] 19807FFE05      if var128 != var127 goto label_0005fe
 c []   0005FB [05FB] 290208          var2 = 8
label_0005fe:
 c []   0005FE [05FE] 008001          var128 = var1
 c []   000601 [0601] 297F0C          var127 = 12
 c []   000604 [0604] 19807F0C06      if var128 != var127 goto label_00060c
 c []   000609 [0609] 290205          var2 = 5
label_00060c:
 c []   00060C [060C] 008001          var128 = var1
 c []   00060F [060F] 297F0D          var127 = 13
 c []   000612 [0612] 19807F1A06      if var128 != var127 goto label_00061a
 c []   000617 [0617] 290202          var2 = 2
label_00061a:
 c []   00061A [061A] 008001          var128 = var1
 c []   00061D [061D] 297F0E          var127 = 14
 c []   000620 [0620] 19807F2806      if var128 != var127 goto label_000628
 c []   000625 [0625] 290209          var2 = 9
label_000628:
 c []   000628 [0628] 008001          var128 = var1
 c []   00062B [062B] 297F0F          var127 = 15
 c []   00062E [062E] 19807F3606      if var128 != var127 goto label_000636
 c []   000633 [0633] 29020E          var2 = 14
label_000636:
 c []   000636 [0636] 00FF0A          var255 = var10
 c []   000639 [0639] 46FFF0FF        var255 = var255 & 0xfff0
 c []   00063D [063D] 00FEFF          var254 = var255
 c []   000640 [0640] 04FE02          var254 = var254 + var2
 c []   000643 [0643] 000AFE          var10 = var254
 c []   000646 [0646] 00FF0F          var255 = var15
 c []   000649 [0649] 45FF0F          var255 = var255 & 0x0f
 c []   00064C [064C] 0001FF          var1 = var255
 c []   00064F [064F] 008001          var128 = var1
 c []   000652 [0652] 297F00          var127 = 0
 c []   000655 [0655] 19807F5D06      if var128 != var127 goto label_00065d
 c []   00065A [065A] 290200          var2 = 0
label_00065d:
 c []   00065D [065D] 008001          var128 = var1
 c []   000660 [0660] 297F01          var127 = 1
 c []   000663 [0663] 19807F6B06      if var128 != var127 goto label_00066b
 c []   000668 [0668] 290207          var2 = 7
label_00066b:
 c []   00066B [066B] 008001          var128 = var1
 c []   00066E [066E] 297F02          var127 = 2
 c []   000671 [0671] 19807F7906      if var128 != var127 goto label_000679
 c []   000676 [0676] 29020C          var2 = 12
label_000679:
 c []   000679 [0679] 008001          var128 = var1
 c []   00067C [067C] 297F03          var127 = 3
 c []   00067F [067F] 19807F8706      if var128 != var127 goto label_000687
 c []   000684 [0684] 29020B          var2 = 11
label_000687:
 c []   000687 [0687] 008001          var128 = var1
 c []   00068A [068A] 297F04          var127 = 4
 c []   00068D [068D] 19807F9506      if var128 != var127 goto label_000695
 c []   000692 [0692] 290206          var2 = 6
label_000695:
 c []   000695 [0695] 008001          var128 = var1
 c []   000698 [0698] 297F05          var127 = 5
 c []   00069B [069B] 19807FA306      if var128 != var127 goto label_0006a3
 c []   0006A0 [06A0] 290201          var2 = 1
label_0006a3:
 c []   0006A3 [06A3] 008001          var128 = var1
 c []   0006A6 [06A6] 297F06          var127 = 6
 c []   0006A9 [06A9] 19807FB106      if var128 != var127 goto label_0006b1
 c []   0006AE [06AE] 29020A          var2 = 10
label_0006b1:
 c []   0006B1 [06B1] 008001          var128 = var1
 c []   0006B4 [06B4] 297F07          var127 = 7
 c []   0006B7 [06B7] 19807FBF06      if var128 != var127 goto label_0006bf
 c []   0006BC [06BC] 29020D          var2 = 13
label_0006bf:
 c []   0006BF [06BF] 008001          var128 = var1
 c []   0006C2 [06C2] 297F08          var127 = 8
 c []   0006C5 [06C5] 19807FCD06      if var128 != var127 goto label_0006cd
 c []   0006CA [06CA] 290203          var2 = 3
label_0006cd:
 c []   0006CD [06CD] 008001          var128 = var1
 c []   0006D0 [06D0] 297F09          var127 = 9
 c []   0006D3 [06D3] 19807FDB06      if var128 != var127 goto label_0006db
 c []   0006D8 [06D8] 290204          var2 = 4
label_0006db:
 c []   0006DB [06DB] 008001          var128 = var1
 c []   0006DE [06DE] 297F0A          var127 = 10
 c []   0006E1 [06E1] 19807FE906      if var128 != var127 goto label_0006e9
 c []   0006E6 [06E6] 29020F          var2 = 15
label_0006e9:
 c []   0006E9 [06E9] 008001          var128 = var1
 c []   0006EC [06EC] 297F0B          var127 = 11
 c []   0006EF [06EF] 19807FF706      if var128 != var127 goto label_0006f7
 c []   0006F4 [06F4] 290208          var2 = 8
label_0006f7:
 c []   0006F7 [06F7] 008001          var128 = var1
 c []   0006FA [06FA] 297F0C          var127 = 12
 c []   0006FD [06FD] 19807F0507      if var128 != var127 goto label_000705
 c []   000702 [0702] 290205          var2 = 5
label_000705:
 c []   000705 [0705] 008001          var128 = var1
 c []   000708 [0708] 297F0D          var127 = 13
 c []   00070B [070B] 19807F1307      if var128 != var127 goto label_000713
 c []   000710 [0710] 290202          var2 = 2
label_000713:
 c []   000713 [0713] 008001          var128 = var1
 c []   000716 [0716] 297F0E          var127 = 14
 c []   000719 [0719] 19807F2107      if var128 != var127 goto label_000721
 c []   00071E [071E] 290209          var2 = 9
label_000721:
 c []   000721 [0721] 008001          var128 = var1
 c []   000724 [0724] 297F0F          var127 = 15
 c []   000727 [0727] 19807F2F07      if var128 != var127 goto label_00072f
 c []   00072C [072C] 29020E          var2 = 14
label_00072f:
 c []   00072F [072F] 00FF0F          var255 = var15
 c []   000732 [0732] 46FFF0FF        var255 = var255 & 0xfff0
 c []   000736 [0736] 00FEFF          var254 = var255
 c []   000739 [0739] 04FE02          var254 = var254 + var2
 c []   00073C [073C] 000FFE          var15 = var254
 c []   00073F [073F] 290C00          var12 = 0
label_000742:
 c []   000742 [0742] 00800C          var128 = var12
 c []   000745 [0745] 007F0B          var127 = var11
 c []   000748 [0748] 18807FA307      if var128 == var127 goto label_0007a3
 c []   00074D [074D] 00FF0C          var255 = var12
 c []   000750 [0750] 2FFF02          var255 = var255 / 2
 c []   000753 [0753] 00FEFF          var254 = var255
 c []   000756 [0756] 45FE01          var254 = var254 & 0x01
 c []   000759 [0759] 0009FE          var9 = var254
 c []   00075C [075C] 29FF60          var255 = 96
 c []   00075F [075F] 04FF0C          var255 = var255 + var12
 c []   000762 [0762] 0006FF          var6 = var255
 c []   000765 [0765] 008009          var128 = var9
 c []   000768 [0768] 297F00          var127 = 0
 c []   00076B [076B] 19807F8207      if var128 != var127 goto label_000782
 c []   000770 [0770] 20060F          @var6 = var15
 c []   000773 [0773] 2B0601          var6 = var6 + 1
 c []   000776 [0776] 00FF0F          var255 = var15
 c []   000779 [0779] 15FF08          var255 = var255 >> 8
 c []   00077C [077C] 2006FF          @var6 = var255
 c []   00077F [077F] 1E9D07          jmp label_00079d
label_000782:
 c []   000782 [0782] 00FF0F          var255 = var15
 c []   000785 [0785] 49FFFF          var255 = var255 ^ 0xff
 c []   000788 [0788] 2006FF          @var6 = var255
 c []   00078B [078B] 2B0601          var6 = var6 + 1
 c []   00078E [078E] 00FF0F          var255 = var15
 c []   000791 [0791] 15FF08          var255 = var255 >> 8
 c []   000794 [0794] 00FEFF          var254 = var255
 c []   000797 [0797] 49FEFF          var254 = var254 ^ 0xff
 c []   00079A [079A] 2006FE          @var6 = var254
label_00079d:
 c []   00079D [079D] 2B0C02          var12 = var12 + 2
 c []   0007A0 [07A0] 1E4207          jmp label_000742
label_0007a3:
 c []   0007A3 [07A3] 00800C          var128 = var12
 c []   0007A6 [07A6] 297F20          var127 = 32
 c []   0007A9 [07A9] 18807F0408      if var128 == var127 goto label_000804
 c []   0007AE [07AE] 00FF0C          var255 = var12
 c []   0007B1 [07B1] 2FFF02          var255 = var255 / 2
 c []   0007B4 [07B4] 00FEFF          var254 = var255
 c []   0007B7 [07B7] 45FE01          var254 = var254 & 0x01
 c []   0007BA [07BA] 0009FE          var9 = var254
 c []   0007BD [07BD] 29FF60          var255 = 96
 c []   0007C0 [07C0] 04FF0C          var255 = var255 + var12
 c []   0007C3 [07C3] 0006FF          var6 = var255
 c []   0007C6 [07C6] 008009          var128 = var9
 c []   0007C9 [07C9] 297F00          var127 = 0
 c []   0007CC [07CC] 19807FE307      if var128 != var127 goto label_0007e3
 c []   0007D1 [07D1] 20060A          @var6 = var10
 c []   0007D4 [07D4] 2B0601          var6 = var6 + 1
 c []   0007D7 [07D7] 00FF0A          var255 = var10
 c []   0007DA [07DA] 15FF08          var255 = var255 >> 8
 c []   0007DD [07DD] 2006FF          @var6 = var255
 c []   0007E0 [07E0] 1EFE07          jmp label_0007fe
label_0007e3:
 c []   0007E3 [07E3] 00FF0A          var255 = var10
 c []   0007E6 [07E6] 49FFFF          var255 = var255 ^ 0xff
 c []   0007E9 [07E9] 2006FF          @var6 = var255
 c []   0007EC [07EC] 2B0601          var6 = var6 + 1
 c []   0007EF [07EF] 00FF0A          var255 = var10
 c []   0007F2 [07F2] 15FF08          var255 = var255 >> 8
 c []   0007F5 [07F5] 00FEFF          var254 = var255
 c []   0007F8 [07F8] 49FEFF          var254 = var254 ^ 0xff
 c []   0007FB [07FB] 2006FE          @var6 = var254
label_0007fe:
 c []   0007FE [07FE] 2B0C02          var12 = var12 + 2
 c []   000801 [0801] 1EA307          jmp label_0007a3
label_000804:
 c []   000804 [0804] 250201000002    label_2.Bold = 1
 c []   00080A [080A] 25020000FF01    label_2.Color = 0x00ff0000
 c []   000810 [0810] 3520            str32 = ""
 c []   000812 [0812] 36205C08        str32 = str32 + "Дамп ОК. Новый пробег записан."
 c []   000816 [0816] 420220          label_2 = str32
label_000819:
 c []   000819 [0819] 1F              return


 c []   00081A [081A] A0E4C0CCCF00... " Дамп ОК. Введите пробег. "
 c []   000835 [0835] 4F3F212E2A2C... "Пробег должен быть не более 999999 км."
 c []   00085C [085C] 4424282BE40A... "Дамп ОК. Новый пробег записан."
  u[]   00087B [087B] F7              
  u[]   00087C [087C] 67              
  u[]   00087D [087D] 91              
  u[]   00087E [087E] A0              
  u[]   00087F [087F] EB              