Size(260, 280);
Form
{
    Group("Пробег", 5, 5, 110, 50)
    {
        Digit(digit_0, " ", 5, 18, 70);
        Label(label_1, "KM", 80, 20);
    }
    Group("Информация", 5, 65, 250, 45)
    {
        Label(label_2, " ", 0, 18);
    }
    Group("Описание", 5, 115, 250, 90)
    {
        Label(label_3, "Калькулятор пробега Honda Pilot", 0, 20);
        Label(label_4, "EEPROM 93C46, панель Denso", 0, 35);
        Label(label_5, "Введите нужное значение в окне ПРОБЕГ", 0, 50);
        Label(label_6, "и нажмите кнопку <Применить>.", 0, 65);
    }
    Picture(pict_7, "Honda.bmp", 158, 8, 0, 0);
}

OnShow:
pc []   000104 [0104] 250201000002    label_2.Bold = 1
 c []   00010A [010A] 250201000003    label_2.Alignment = center
 c []   000110 [0110] 290000          var0 = 0
 c []   000113 [0113] 23FF0B000000    var255 = @0x000b
 c []   000119 [0119] 00FEFF          var254 = var255
 c []   00011C [011C] 17FE18          var254 = var254 << 24
 c []   00011F [011F] 23FD0A000000    var253 = @0x000a
 c []   000125 [0125] 00FCFD          var252 = var253
 c []   000128 [0128] 17FC10          var252 = var252 << 16
 c []   00012B [012B] 23FB09000000    var251 = @0x0009
 c []   000131 [0131] 00FAFB          var250 = var251
 c []   000134 [0134] 17FA08          var250 = var250 << 8
 c []   000137 [0137] 23F908000000    var249 = @0x0008
 c []   00013D [013D] 00F8FA          var248 = var250
 c []   000140 [0140] 10F8F9          var248 = var248 | var249
 c []   000143 [0143] 00F7FC          var247 = var252
 c []   000146 [0146] 10F7F8          var247 = var247 | var248
 c []   000149 [0149] 00F6FE          var246 = var254
 c []   00014C [014C] 10F6F7          var246 = var246 | var247
 c []   00014F [014F] 0001F6          var1 = var246
 c []   000152 [0152] 23FF0F000000    var255 = @0x000f
 c []   000158 [0158] 00FEFF          var254 = var255
 c []   00015B [015B] 17FE18          var254 = var254 << 24
 c []   00015E [015E] 23FD0E000000    var253 = @0x000e
 c []   000164 [0164] 00FCFD          var252 = var253
 c []   000167 [0167] 17FC10          var252 = var252 << 16
 c []   00016A [016A] 23FB0D000000    var251 = @0x000d
 c []   000170 [0170] 00FAFB          var250 = var251
 c []   000173 [0173] 17FA08          var250 = var250 << 8
 c []   000176 [0176] 23F90C000000    var249 = @0x000c
 c []   00017C [017C] 00F8FA          var248 = var250
 c []   00017F [017F] 10F8F9          var248 = var248 | var249
 c []   000182 [0182] 00F7FC          var247 = var252
 c []   000185 [0185] 10F7F8          var247 = var247 | var248
 c []   000188 [0188] 00F6FE          var246 = var254
 c []   00018B [018B] 10F6F7          var246 = var246 | var247
 c []   00018E [018E] 0002F6          var2 = var246
 c []   000191 [0191] 23FF13000000    var255 = @0x0013
 c []   000197 [0197] 00FEFF          var254 = var255
 c []   00019A [019A] 17FE18          var254 = var254 << 24
 c []   00019D [019D] 23FD12000000    var253 = @0x0012
 c []   0001A3 [01A3] 00FCFD          var252 = var253
 c []   0001A6 [01A6] 17FC10          var252 = var252 << 16
 c []   0001A9 [01A9] 23FB11000000    var251 = @0x0011
 c []   0001AF [01AF] 00FAFB          var250 = var251
 c []   0001B2 [01B2] 17FA08          var250 = var250 << 8
 c []   0001B5 [01B5] 23F910000000    var249 = @0x0010
 c []   0001BB [01BB] 00F8FA          var248 = var250
 c []   0001BE [01BE] 10F8F9          var248 = var248 | var249
 c []   0001C1 [01C1] 00F7FC          var247 = var252
 c []   0001C4 [01C4] 10F7F8          var247 = var247 | var248
 c []   0001C7 [01C7] 00F6FE          var246 = var254
 c []   0001CA [01CA] 10F6F7          var246 = var246 | var247
 c []   0001CD [01CD] 0003F6          var3 = var246
 c []   0001D0 [01D0] 008001          var128 = var1
 c []   0001D3 [01D3] 007F02          var127 = var2
 c []   0001D6 [01D6] 18807FDE01      if var128 == var127 goto label_0001de
 c []   0001DB [01DB] 2B0001          var0 = var0 + 1
label_0001de:
 c []   0001DE [01DE] 008002          var128 = var2
 c []   0001E1 [01E1] 007F03          var127 = var3
 c []   0001E4 [01E4] 18807FEC01      if var128 == var127 goto label_0001ec
 c []   0001E9 [01E9] 2B0001          var0 = var0 + 1
label_0001ec:
 c []   0001EC [01EC] 008000          var128 = var0
 c []   0001EF [01EF] 297F00          var127 = 0
 c []   0001F2 [01F2] 18807F0902      if var128 == var127 goto label_000209
 c []   0001F7 [01F7] 2502FF000001    label_2.Color = 0x000000ff
 c []   0001FD [01FD] 3520            str32 = ""
 c []   0001FF [01FF] 3620EA04        str32 = str32 + "Неверный дамп!"
 c []   000203 [0203] 420220          label_2 = str32
 c []   000206 [0206] 1E1A03          jmp label_00031a
label_000209:
 c []   000209 [0209] 1301FFFFFFFF    var1 = var1 ^ 0xffffffff
 c []   00020F [020F] 00FF01          var255 = var1
 c []   000212 [0212] 15FF1C          var255 = var255 >> 28
 c []   000215 [0215] 00FEFF          var254 = var255
 c []   000218 [0218] 45FE0F          var254 = var254 & 0x0f
 c []   00021B [021B] 00FDFE          var253 = var254
 c []   00021E [021E] 0DFD80969800    var253 = var253 * 10000000
 c []   000224 [0224] 0000FD          var0 = var253
 c []   000227 [0227] 00FF01          var255 = var1
 c []   00022A [022A] 15FF18          var255 = var255 >> 24
 c []   00022D [022D] 00FEFF          var254 = var255
 c []   000230 [0230] 45FE0F          var254 = var254 & 0x0f
 c []   000233 [0233] 00FDFE          var253 = var254
 c []   000236 [0236] 0DFD40420F00    var253 = var253 * 1000000
 c []   00023C [023C] 00FC00          var252 = var0
 c []   00023F [023F] 04FCFD          var252 = var252 + var253
 c []   000242 [0242] 0000FC          var0 = var252
 c []   000245 [0245] 00FF01          var255 = var1
 c []   000248 [0248] 15FF14          var255 = var255 >> 20
 c []   00024B [024B] 00FEFF          var254 = var255
 c []   00024E [024E] 45FE0F          var254 = var254 & 0x0f
 c []   000251 [0251] 00FDFE          var253 = var254
 c []   000254 [0254] 0DFDA0860100    var253 = var253 * 100000
 c []   00025A [025A] 00FC00          var252 = var0
 c []   00025D [025D] 04FCFD          var252 = var252 + var253
 c []   000260 [0260] 0000FC          var0 = var252
 c []   000263 [0263] 00FF01          var255 = var1
 c []   000266 [0266] 15FF10          var255 = var255 >> 16
 c []   000269 [0269] 00FEFF          var254 = var255
 c []   00026C [026C] 45FE0F          var254 = var254 & 0x0f
 c []   00026F [026F] 00FDFE          var253 = var254
 c []   000272 [0272] 32FD1027        var253 = var253 * 10000
 c []   000276 [0276] 00FC00          var252 = var0
 c []   000279 [0279] 04FCFD          var252 = var252 + var253
 c []   00027C [027C] 0000FC          var0 = var252
 c []   00027F [027F] 00FF01          var255 = var1
 c []   000282 [0282] 15FF0C          var255 = var255 >> 12
 c []   000285 [0285] 00FEFF          var254 = var255
 c []   000288 [0288] 45FE0F          var254 = var254 & 0x0f
 c []   00028B [028B] 00FDFE          var253 = var254
 c []   00028E [028E] 32FDE803        var253 = var253 * 1000
 c []   000292 [0292] 00FC00          var252 = var0
 c []   000295 [0295] 04FCFD          var252 = var252 + var253
 c []   000298 [0298] 0000FC          var0 = var252
 c []   00029B [029B] 00FF01          var255 = var1
 c []   00029E [029E] 15FF08          var255 = var255 >> 8
 c []   0002A1 [02A1] 00FEFF          var254 = var255
 c []   0002A4 [02A4] 45FE0F          var254 = var254 & 0x0f
 c []   0002A7 [02A7] 00FDFE          var253 = var254
 c []   0002AA [02AA] 31FD64          var253 = var253 * 100
 c []   0002AD [02AD] 00FC00          var252 = var0
 c []   0002B0 [02B0] 04FCFD          var252 = var252 + var253
 c []   0002B3 [02B3] 0000FC          var0 = var252
 c []   0002B6 [02B6] 00FF01          var255 = var1
 c []   0002B9 [02B9] 15FF04          var255 = var255 >> 4
 c []   0002BC [02BC] 00FEFF          var254 = var255
 c []   0002BF [02BF] 45FE0F          var254 = var254 & 0x0f
 c []   0002C2 [02C2] 00FDFE          var253 = var254
 c []   0002C5 [02C5] 31FD0A          var253 = var253 * 10
 c []   0002C8 [02C8] 00FC00          var252 = var0
 c []   0002CB [02CB] 04FCFD          var252 = var252 + var253
 c []   0002CE [02CE] 0000FC          var0 = var252
 c []   0002D1 [02D1] 00FF01          var255 = var1
 c []   0002D4 [02D4] 45FF0F          var255 = var255 & 0x0f
 c []   0002D7 [02D7] 00FE00          var254 = var0
 c []   0002DA [02DA] 04FEFF          var254 = var254 + var255
 c []   0002DD [02DD] 0000FE          var0 = var254
 c []   0002E0 [02E0] 290500          var5 = 0
label_0002e3:
 c []   0002E3 [02E3] 008005          var128 = var5
 c []   0002E6 [02E6] 297F06          var127 = 6
 c []   0002E9 [02E9] 1A807F0803      if var128 > var127 goto label_000308
 c []   0002EE [02EE] 22FF05          var255 = @var5
 c []   0002F1 [02F1] 0006FF          var6 = var255
 c []   0002F4 [02F4] 008006          var128 = var6
 c []   0002F7 [02F7] 297FFF          var127 = 255
 c []   0002FA [02FA] 18807F0203      if var128 == var127 goto label_000302
 c []   0002FF [02FF] 2B0001          var0 = var0 + 1
label_000302:
 c []   000302 [0302] 2B0502          var5 = var5 + 2
 c []   000305 [0305] 1EE302          jmp label_0002e3
label_000308:
 c []   000308 [0308] 25020000FF01    label_2.Color = 0x00ff0000
 c []   00030E [030E] 3520            str32 = ""
 c []   000310 [0310] 3620F904        str32 = str32 + "Дамп ОК, нажмите кнопку <Применить>"
 c []   000314 [0314] 420220          label_2 = str32
 c []   000317 [0317] 030000          digit_0 = var0
label_00031a:
 c []   00031A [031A] 1F              return


OnApply:
pc []   00031B [031B] 02FF00          var255 = digit_0
 c []   00031E [031E] 0004FF          var4 = var255
 c []   000321 [0321] 008004          var128 = var4
 c []   000324 [0324] 017F3F420F00    var127 = 999999
 c []   00032A [032A] 1D807F4103      if var128 <= var127 goto label_000341
 c []   00032F [032F] 2502FF000001    label_2.Color = 0x000000ff
 c []   000335 [0335] 3520            str32 = ""
 c []   000337 [0337] 36201D05        str32 = str32 + "Пробег должен быть не более 999999 км."
 c []   00033B [033B] 420220          label_2 = str32
 c []   00033E [033E] 1EE904          jmp label_0004e9
label_000341:
 c []   000341 [0341] 02FF00          var255 = digit_0
 c []   000344 [0344] 33FF05          var255 = var255 % 5
 c []   000347 [0347] 00FEFF          var254 = var255
 c []   00034A [034A] 31FE02          var254 = var254 * 2
 c []   00034D [034D] 0001FE          var1 = var254
 c []   000350 [0350] 290500          var5 = 0
label_000353:
 c []   000353 [0353] 008005          var128 = var5
 c []   000356 [0356] 007F01          var127 = var1
 c []   000359 [0359] 1C807F6703      if var128 >= var127 goto label_000367
 c []   00035E [035E] 210580          @var5 = 0x80
 c []   000361 [0361] 2B0502          var5 = var5 + 2
 c []   000364 [0364] 1E5303          jmp label_000353
label_000367:
 c []   000367 [0367] 008005          var128 = var5
 c []   00036A [036A] 297F07          var127 = 7
 c []   00036D [036D] 1C807F7B03      if var128 >= var127 goto label_00037b
 c []   000372 [0372] 2105FF          @var5 = 0xff
 c []   000375 [0375] 2B0502          var5 = var5 + 2
 c []   000378 [0378] 1E6703          jmp label_000367
label_00037b:
 c []   00037B [037B] 02FF00          var255 = digit_0
 c []   00037E [037E] 33FF05          var255 = var255 % 5
 c []   000381 [0381] 02FE00          var254 = digit_0
 c []   000384 [0384] 06FEFF          var254 = var254 - var255
 c []   000387 [0387] 0000FE          var0 = var254
 c []   00038A [038A] 00FF00          var255 = var0
 c []   00038D [038D] 33FF0A          var255 = var255 % 10
 c []   000390 [0390] 0002FF          var2 = var255
 c []   000393 [0393] 2F000A          var0 = var0 / 10
 c []   000396 [0396] 00FF00          var255 = var0
 c []   000399 [0399] 33FF0A          var255 = var255 % 10
 c []   00039C [039C] 00FEFF          var254 = var255
 c []   00039F [039F] 17FE04          var254 = var254 << 4
 c []   0003A2 [03A2] 00FD02          var253 = var2
 c []   0003A5 [03A5] 10FDFE          var253 = var253 | var254
 c []   0003A8 [03A8] 0002FD          var2 = var253
 c []   0003AB [03AB] 2F000A          var0 = var0 / 10
 c []   0003AE [03AE] 00FF00          var255 = var0
 c []   0003B1 [03B1] 33FF0A          var255 = var255 % 10
 c []   0003B4 [03B4] 00FEFF          var254 = var255
 c []   0003B7 [03B7] 17FE08          var254 = var254 << 8
 c []   0003BA [03BA] 00FD02          var253 = var2
 c []   0003BD [03BD] 10FDFE          var253 = var253 | var254
 c []   0003C0 [03C0] 0002FD          var2 = var253
 c []   0003C3 [03C3] 2F000A          var0 = var0 / 10
 c []   0003C6 [03C6] 00FF00          var255 = var0
 c []   0003C9 [03C9] 33FF0A          var255 = var255 % 10
 c []   0003CC [03CC] 00FEFF          var254 = var255
 c []   0003CF [03CF] 17FE0C          var254 = var254 << 12
 c []   0003D2 [03D2] 00FD02          var253 = var2
 c []   0003D5 [03D5] 10FDFE          var253 = var253 | var254
 c []   0003D8 [03D8] 0002FD          var2 = var253
 c []   0003DB [03DB] 2F000A          var0 = var0 / 10
 c []   0003DE [03DE] 00FF00          var255 = var0
 c []   0003E1 [03E1] 33FF0A          var255 = var255 % 10
 c []   0003E4 [03E4] 00FEFF          var254 = var255
 c []   0003E7 [03E7] 17FE10          var254 = var254 << 16
 c []   0003EA [03EA] 00FD02          var253 = var2
 c []   0003ED [03ED] 10FDFE          var253 = var253 | var254
 c []   0003F0 [03F0] 0002FD          var2 = var253
 c []   0003F3 [03F3] 2F000A          var0 = var0 / 10
 c []   0003F6 [03F6] 00FF00          var255 = var0
 c []   0003F9 [03F9] 33FF0A          var255 = var255 % 10
 c []   0003FC [03FC] 00FEFF          var254 = var255
 c []   0003FF [03FF] 17FE14          var254 = var254 << 20
 c []   000402 [0402] 00FD02          var253 = var2
 c []   000405 [0405] 10FDFE          var253 = var253 | var254
 c []   000408 [0408] 0002FD          var2 = var253
 c []   00040B [040B] 2F000A          var0 = var0 / 10
 c []   00040E [040E] 00FF00          var255 = var0
 c []   000411 [0411] 33FF0A          var255 = var255 % 10
 c []   000414 [0414] 00FEFF          var254 = var255
 c []   000417 [0417] 17FE18          var254 = var254 << 24
 c []   00041A [041A] 00FD02          var253 = var2
 c []   00041D [041D] 10FDFE          var253 = var253 | var254
 c []   000420 [0420] 0002FD          var2 = var253
 c []   000423 [0423] 2F000A          var0 = var0 / 10
 c []   000426 [0426] 00FF00          var255 = var0
 c []   000429 [0429] 33FF0A          var255 = var255 % 10
 c []   00042C [042C] 00FEFF          var254 = var255
 c []   00042F [042F] 17FE1C          var254 = var254 << 28
 c []   000432 [0432] 00FD02          var253 = var2
 c []   000435 [0435] 10FDFE          var253 = var253 | var254
 c []   000438 [0438] 0002FD          var2 = var253
 c []   00043B [043B] 1302FFFFFFFF    var2 = var2 ^ 0xffffffff
 c []   000441 [0441] 29000B          var0 = 11
 c []   000444 [0444] 00FF02          var255 = var2
 c []   000447 [0447] 15FF18          var255 = var255 >> 24
 c []   00044A [044A] 2000FF          @var0 = var255
 c []   00044D [044D] 2D0001          var0 = var0 - 1
 c []   000450 [0450] 00FF02          var255 = var2
 c []   000453 [0453] 15FF10          var255 = var255 >> 16
 c []   000456 [0456] 2000FF          @var0 = var255
 c []   000459 [0459] 2D0001          var0 = var0 - 1
 c []   00045C [045C] 00FF02          var255 = var2
 c []   00045F [045F] 15FF08          var255 = var255 >> 8
 c []   000462 [0462] 2000FF          @var0 = var255
 c []   000465 [0465] 2D0001          var0 = var0 - 1
 c []   000468 [0468] 00FF02          var255 = var2
 c []   00046B [046B] 45FFFF          var255 = var255 & 0xff
 c []   00046E [046E] 2000FF          @var0 = var255
 c []   000471 [0471] 2D0001          var0 = var0 - 1
 c []   000474 [0474] 29000F          var0 = 15
 c []   000477 [0477] 00FF02          var255 = var2
 c []   00047A [047A] 15FF18          var255 = var255 >> 24
 c []   00047D [047D] 2000FF          @var0 = var255
 c []   000480 [0480] 2D0001          var0 = var0 - 1
 c []   000483 [0483] 00FF02          var255 = var2
 c []   000486 [0486] 15FF10          var255 = var255 >> 16
 c []   000489 [0489] 2000FF          @var0 = var255
 c []   00048C [048C] 2D0001          var0 = var0 - 1
 c []   00048F [048F] 00FF02          var255 = var2
 c []   000492 [0492] 15FF08          var255 = var255 >> 8
 c []   000495 [0495] 2000FF          @var0 = var255
 c []   000498 [0498] 2D0001          var0 = var0 - 1
 c []   00049B [049B] 00FF02          var255 = var2
 c []   00049E [049E] 45FFFF          var255 = var255 & 0xff
 c []   0004A1 [04A1] 2000FF          @var0 = var255
 c []   0004A4 [04A4] 2D0001          var0 = var0 - 1
 c []   0004A7 [04A7] 290013          var0 = 19
 c []   0004AA [04AA] 00FF02          var255 = var2
 c []   0004AD [04AD] 15FF18          var255 = var255 >> 24
 c []   0004B0 [04B0] 2000FF          @var0 = var255
 c []   0004B3 [04B3] 2D0001          var0 = var0 - 1
 c []   0004B6 [04B6] 00FF02          var255 = var2
 c []   0004B9 [04B9] 15FF10          var255 = var255 >> 16
 c []   0004BC [04BC] 2000FF          @var0 = var255
 c []   0004BF [04BF] 2D0001          var0 = var0 - 1
 c []   0004C2 [04C2] 00FF02          var255 = var2
 c []   0004C5 [04C5] 15FF08          var255 = var255 >> 8
 c []   0004C8 [04C8] 2000FF          @var0 = var255
 c []   0004CB [04CB] 2D0001          var0 = var0 - 1
 c []   0004CE [04CE] 00FF02          var255 = var2
 c []   0004D1 [04D1] 45FFFF          var255 = var255 & 0xff
 c []   0004D4 [04D4] 2000FF          @var0 = var255
 c []   0004D7 [04D7] 2D0001          var0 = var0 - 1
 c []   0004DA [04DA] 25020000FF01    label_2.Color = 0x00ff0000
 c []   0004E0 [04E0] 3520            str32 = ""
 c []   0004E2 [04E2] 36204405        str32 = str32 + "Дамп ОК. Новый пробег записан."
 c []   0004E6 [04E6] 420220          label_2 = str32
label_0004e9:
 c []   0004E9 [04E9] 1F              return


 c []   0004EA [04EA] 4D282F283D20... "Неверный дамп!"
 c []   0004F9 [04F9] 4424282BE40A... "Дамп ОК, нажмите кнопку <Применить>"
 c []   00051D [051D] 4F3F212E2A2C... "Пробег должен быть не более 999999 км."
 c []   000544 [0544] 4424282BE40A... "Дамп ОК. Новый пробег записан."
  u[]   000563 [0563] 6E              
  u[]   000564 [0564] 10              
  u[]   000565 [0565] E4              
  u[]   000566 [0566] 90              
  u[]   000567 [0567] 41              
  u[]   000568 [0568] C5              
  u[]   000569 [0569] E8              
  u[]   00056A [056A] 7E              
  u[]   00056B [056B] 0C              
  u[]   00056C [056C] D4              
  u[]   00056D [056D] 4F              
  u[]   00056E [056E] 45              
  u[]   00056F [056F] 35              
  u[]   000570 [0570] EA              
  u[]   000571 [0571] BC              
  u[]   000572 [0572] 30              
  u[]   000573 [0573] 4D              
  u[]   000574 [0574] 33              
  u[]   000575 [0575] 52              
  u[]   000576 [0576] E1              
  u[]   000577 [0577] 56              
  u[]   000578 [0578] 7E              
  u[]   000579 [0579] 11              
  u[]   00057A [057A] C8              
  u[]   00057B [057B] 30              
  u[]   00057C [057C] 8B              
  u[]   00057D [057D] F4              
  u[]   00057E [057E] 09              
  u[]   00057F [057F] 52              